<?xml version="1.0" encoding="UTF-8"?>
<testsuite name="com.thoughtworks.capability.gtb.Practice2Test" tests="1" skipped="0" failures="0" errors="0" timestamp="2020-06-09T06:34:03" hostname="yichis-MacBook-Pro.local" time="0.004">
  <properties/>
  <testcase name="test_getNextWorkDate" classname="com.thoughtworks.capability.gtb.Practice2Test" time="0.004"/>
  <system-out><![CDATA[]]></system-out>
  <system-err><![CDATA[]]></system-err>
</testsuite>
